        -:    0:Source:/home/dihydromonoxide/CLionProjects/Raytracer/src/main.cpp
        -:    0:Graph:/home/dihydromonoxide/CLionProjects/Raytracer/cmake-build-debug-coverage/CMakeFiles/Raytracer.dir/src/main.cpp.gcno
        -:    0:Data:/home/dihydromonoxide/CLionProjects/Raytracer/cmake-build-debug-coverage/CMakeFiles/Raytracer.dir/src/main.cpp.gcda
        -:    0:Runs:1
        -:    1:#include <iostream>
        -:    2:#include <glm/glm.hpp>
        -:    3:
        -:    4:#include "World.h"
        -:    5:#include "RaytracedObject.h"
        -:    6:#include "Material.h"
        -:    7:
        -:    8:
        -:    9:using namespace Raytracer;
        -:   10:
function main called 1 returned 100% blocks executed 57%
        1:   11:int main() {
        -:   12:
        1:   13:    World* world = new World();
        1:   13-block  0
call    0 returned 1
call    1 returned 1
branch  2 taken 1 (fallthrough)
branch  3 taken 0 (throw)
    $$$$$:   13-block  1
call    4 never executed
        1:   14:    world->setCamera(glm::vec3(0, 0, 0), glm::vec3(0, -.8, 1));
        1:   14-block  0
call    0 returned 1
call    1 returned 1
call    2 returned 1
branch  3 taken 1 (fallthrough)
branch  4 taken 0 (throw)
    $$$$$:   14-block  1
    $$$$$:   14-block  2
call    5 never executed
        -:   15:
        2:   16:    world->addObject(new Sphere(glm::vec3(0, -.8, 1),
        1:   16-block  0
call    0 returned 1
        1:   16-block  1
call    1 returned 1
branch  2 taken 1 (fallthrough)
branch  3 taken 0 (throw)
    $$$$$:   16-block  2
call    4 never executed
        1:   17:                                glm::mat4(1.0f),
call    0 returned 1
branch  1 taken 1 (fallthrough)
branch  2 taken 0 (throw)
    $$$$$:   17-block  0
    $$$$$:   17-block  1
        1:   18:                                glm::vec3(0.2, 0.2, 0.2),
        1:   18-block  0
call    0 returned 1
    $$$$$:   18-block  1
        1:   19:                                Material(glm::vec3(0.1, 1.0, 0.1), 1.0, 1.0))
call    0 returned 1
call    1 returned 1
branch  2 taken 1 (fallthrough)
branch  3 taken 0 (throw)
        1:   19-block  0
call    4 returned 1
branch  5 taken 1 (fallthrough)
branch  6 taken 0 (throw)
        1:   19-block  1
call    7 returned 1
branch  8 taken 1 (fallthrough)
branch  9 taken 0 (throw)
    $$$$$:   19-block  2
call   10 never executed
    $$$$$:   19-block  3
    $$$$$:   19-block  4
        -:   20:                                 );
        1:   21:    world->addObject(new Plane(glm::vec3(0.0, -1.0, 0.0), glm::mat4(1.0f), glm::vec3(0.2, 0.2, 0.2)) );
        1:   21-block  0
call    0 returned 1
call    1 returned 1
branch  2 taken 1 (fallthrough)
branch  3 taken 0 (throw)
        1:   21-block  1
call    4 returned 1
call    5 returned 1
branch  6 taken 1 (fallthrough)
branch  7 taken 0 (throw)
        1:   21-block  2
call    8 returned 1
branch  9 taken 1 (fallthrough)
branch 10 taken 0 (throw)
        1:   21-block  3
call   11 returned 1
branch 12 taken 1 (fallthrough)
branch 13 taken 0 (throw)
    $$$$$:   21-block  4
call   14 never executed
    $$$$$:   21-block  5
    $$$$$:   21-block  6
    $$$$$:   21-block  7
    $$$$$:   21-block  8
call   15 never executed
        -:   22:
        1:   23:    glm::vec3** pixels = world->render(512, 512, 8);
        1:   23-block  0
call    0 returned 1
        -:   24:
        1:   25:    Raytracer::World::writeImage(pixels, 512, 512, "test.png");
call    0 returned 1
call    1 returned 1
branch  2 taken 1 (fallthrough)
branch  3 taken 0 (throw)
        1:   25-block  0
call    4 returned 1
branch  5 taken 1 (fallthrough)
branch  6 taken 0 (throw)
        1:   25-block  1
call    7 returned 1
call    8 returned 1
    $$$$$:   25-block  2
call    9 never executed
    $$$$$:   25-block  3
    $$$$$:   25-block  4
call   10 never executed
        -:   26:
        1:   27:    std::cout << "Rendering" << std::endl;
call    0 returned 1
call    1 returned 1
        1:   28:    return 0;
        -:   29:}
