        -:    0:Source:/home/dihydromonoxide/CLionProjects/Raytracer/src/Material.cpp
        -:    0:Graph:/home/dihydromonoxide/CLionProjects/Raytracer/cmake-build-debug-coverage/CMakeFiles/Raytracer.dir/src/Material.cpp.gcno
        -:    0:Data:/home/dihydromonoxide/CLionProjects/Raytracer/cmake-build-debug-coverage/CMakeFiles/Raytracer.dir/src/Material.cpp.gcda
        -:    0:Runs:1
        -:    1://
        -:    2:// Created by dihydromonoxide on 2/28/22.
        -:    3://
        -:    4:
        -:    5:#include "Material.h"
        -:    6:#include "simplerandom.h"
        -:    7:
        -:    8:namespace Raytracer {
        -:    9:
function _ZN9Raytracer8MaterialC2ERKN3glm3vecILi3EfLNS1_9qualifierE0EEEff called 1 returned 100% blocks executed 100%
        1:   10:    Material::Material(const glm::vec3 &color, float diffuse, float emission) {
        -:   11:
        1:   12:        this->color = color;
        1:   13:        this->diffuse = diffuse;
        1:   14:        this->emission = emission;
        -:   15:
        1:   16:    }
        -:   17:
function _ZN9Raytracer8Material26calculateOutgoingDirectionEN3glm3vecILi3EfLNS1_9qualifierE0EEES4_ called 1925848 returned 100% blocks executed 88%
  1925848:   18:    glm::vec3 Material::calculateOutgoingDirection(glm::vec3 incoming, glm::vec3 normal) {
        -:   19:
  1925848:   20:        glm::vec3 up = glm::vec3(0.0f, 1.0f, 0.0f);
  1925848:   21:        glm::vec3 right = glm::normalize(glm::cross(up, normal + glm::vec3(0.0001f)));
  1925848:   21-block  0
call    0 returned 1925848
call    1 returned 1925848
call    2 returned 1925848
branch  3 taken 1925848 (fallthrough)
branch  4 taken 0 (throw)
  1925848:   21-block  1
call    5 returned 1925848
branch  6 taken 1925848 (fallthrough)
branch  7 taken 0 (throw)
    $$$$$:   21-block  2
    $$$$$:   21-block  3
    $$$$$:   21-block  4
  1925848:   22:        up = glm::cross(normal, right);
  1925848:   22-block  0
call    0 returned 1925848
branch  1 taken 1925848 (fallthrough)
branch  2 taken 0 (throw)
        -:   23:
  1925848:   24:        glm::vec3 specular = glm::reflect(incoming, normal);
  1925848:   24-block  0
call    0 returned 1925848
branch  1 taken 1925848 (fallthrough)
branch  2 taken 0 (throw)
        -:   25:
  1925848:   26:        glm::vec3 diffuse = normal * random_float() + right * (random_float() - 0.5f) + up * (random_float() - 0.5f);
  1925848:   26-block  0
call    0 returned 1925848
call    1 returned 1925848
call    2 returned 1925848
call    3 returned 1925848
call    4 returned 1925848
call    5 returned 1925848
call    6 returned 1925848
call    7 returned 1925848
  1925848:   27:        diffuse = glm::normalize(diffuse);
call    0 returned 1925848
branch  1 taken 1925848 (fallthrough)
branch  2 taken 0 (throw)
        -:   28:
  1925848:   29:        glm::vec3 outgoing = diffuse * this->diffuse + specular * (1.0f - this->diffuse);
  1925848:   29-block  0
call    0 returned 1925848
call    1 returned 1925848
call    2 returned 1925848
        -:   30:
  1925848:   31:        return outgoing;
  1925848:   31-block  0
        -:   32:
        -:   33:    }
        -:   34:
function _ZN9Raytracer8MaterialC2Ev called 2 returned 100% blocks executed 100%
        2:   35:    Material::Material() {
        -:   36:
        2:   37:        this->color = glm::vec3(1.0f);
        2:   37-block  0
call    0 returned 2
        2:   38:        this->diffuse = 1.0f;
        2:   39:        this->emission = 1.0f;
        -:   40:
        2:   41:    }
        -:   42:
        -:   43:}
