        -:    0:Source:/home/dihydromonoxide/CLionProjects/Raytracer/src/RaytracedObject.cpp
        -:    0:Graph:/home/dihydromonoxide/CLionProjects/Raytracer/cmake-build-debug-coverage/CMakeFiles/Raytracer.dir/src/RaytracedObject.cpp.gcno
        -:    0:Data:/home/dihydromonoxide/CLionProjects/Raytracer/cmake-build-debug-coverage/CMakeFiles/Raytracer.dir/src/RaytracedObject.cpp.gcda
        -:    0:Runs:1
        -:    1://
        -:    2:// Created by dihydromonoxide on 2/27/22.
        -:    3://
        -:    4:
        -:    5:#include "RaytracedObject.h"
        -:    6:
        -:    7:
        -:    8:namespace Raytracer {
        -:    9:
function _ZN9Raytracer15RaytracedObjectC2EN3glm3vecILi3EfLNS1_9qualifierE0EEE called 0 returned 0% blocks executed 0%
    #####:   10:    RaytracedObject::RaytracedObject(glm::vec3 position) {
    %%%%%:   10-block  0
call    0 never executed
    #####:   11:        this->position = position;
    #####:   12:        this->orientation = glm::mat4(1.0f);
call    0 never executed
branch  1 never executed
branch  2 never executed
    #####:   13:        this->scale = glm::vec3(1.0f, 1.0f, 1.0f);
    %%%%%:   13-block  0
call    0 never executed
    #####:   14:    }
        -:   15:
function _ZN9Raytracer15RaytracedObjectC2EN3glm3vecILi3EfLNS1_9qualifierE0EEENS1_3matILi4ELi4EfLS3_0EEE called 0 returned 0% blocks executed 0%
    #####:   16:    RaytracedObject::RaytracedObject(glm::vec3 position, glm::mat4 orientation) {
    %%%%%:   16-block  0
call    0 never executed
        -:   17:
    #####:   18:        this->position = position;
    #####:   19:        this->orientation = orientation;
    #####:   20:        this->scale = glm::vec3(1.0f, 1.0f, 1.0f);
call    0 never executed
        -:   21:
    #####:   22:    }
        -:   23:
function _ZN9Raytracer15RaytracedObjectC2EN3glm3vecILi3EfLNS1_9qualifierE0EEENS1_3matILi4ELi4EfLS3_0EEES4_NS_8MaterialE called 1 returned 100% blocks executed 100%
        1:   24:    RaytracedObject::RaytracedObject(glm::vec3 position, glm::mat4 orientation, glm::vec3 scale, Material material) {
        1:   24-block  0
call    0 returned 1
        -:   25:
        1:   26:        this->position = position;
        1:   27:        this->orientation = orientation;
        1:   28:        this->scale = scale;
        1:   29:        this->material = material;
        -:   30:
        1:   31:    }
        -:   32:
function _ZN9Raytracer15RaytracedObjectC2EN3glm3vecILi3EfLNS1_9qualifierE0EEENS1_3matILi4ELi4EfLS3_0EEES4_ called 1 returned 100% blocks executed 100%
        1:   33:    RaytracedObject::RaytracedObject(glm::vec3 position, glm::mat4 orientation, glm::vec3 scale) {
        1:   33-block  0
call    0 returned 1
        -:   34:
        1:   35:        this->position = position;
        1:   36:        this->orientation = orientation;
        1:   37:        this->scale = scale;
        -:   38:
        1:   39:    }
        -:   40:
function _ZN9Raytracer15RaytracedObject9intersectENS_3RayE called 0 returned 0% blocks executed 0%
    #####:   41:    HitData RaytracedObject::intersect(Ray ray) {
    #####:   42:        return {false, -1.0, glm::vec3(0.0, 0.0, 0.0), glm::vec3(0.0, 0.0, 0.0), this};
    %%%%%:   42-block  0
        -:   43:    }
        -:   44:
function _ZN9Raytracer15RaytracedObject9getNormalEN3glm3vecILi3EfLNS1_9qualifierE0EEE called 0 returned 0% blocks executed 0%
    #####:   45:    glm::vec3 RaytracedObject::getNormal(glm::vec3 point) {
    #####:   46:        return {0, 0, 0};
    %%%%%:   46-block  0
call    0 never executed
        -:   47:    }
        -:   48:
function _ZN9Raytracer15RaytracedObject11getPositionEv called 12141103 returned 100% blocks executed 100%
 12141103:   49:    glm::vec3 RaytracedObject::getPosition() {
 12141103:   50:        return this->position;
 12141103:   50-block  0
        -:   51:    }
function _ZN9Raytracer15RaytracedObject14getOrientationEv called 9972523 returned 100% blocks executed 100%
  9972523:   52:    glm::mat4 RaytracedObject::getOrientation() {
  9972523:   53:        return this->orientation;
  9972523:   53-block  0
        -:   54:    }
function _ZN9Raytracer15RaytracedObject8getScaleEv called 4023000 returned 100% blocks executed 100%
  4023000:   55:    glm::vec3 RaytracedObject::getScale() {
  4023000:   56:        return this->scale;
  4023000:   56-block  0
        -:   57:    }
        -:   58:
function _ZN9Raytracer15RaytracedObject11setPositionEN3glm3vecILi3EfLNS1_9qualifierE0EEE called 0 returned 0% blocks executed 0%
    #####:   59:    void RaytracedObject::setPosition(glm::vec3 position) {
    #####:   60:        this->position = position;
    #####:   61:    }
function _ZN9Raytracer15RaytracedObject14setOrientationEN3glm3matILi4ELi4EfLNS1_9qualifierE0EEE called 0 returned 0% blocks executed 0%
    #####:   62:    void RaytracedObject::setOrientation(glm::mat4 orientation) {
    #####:   63:        this->orientation = orientation;
    #####:   64:    }
function _ZN9Raytracer15RaytracedObject8setScaleEN3glm3vecILi3EfLNS1_9qualifierE0EEE called 0 returned 0% blocks executed 0%
    #####:   65:    void RaytracedObject::setScale(glm::vec3 scale) {
    #####:   66:        this->scale = scale;
    #####:   67:    }
        -:   68:
function _ZN9Raytracer15RaytracedObject11getMaterialEv called 5777544 returned 100% blocks executed 100%
  5777544:   69:    Material RaytracedObject::getMaterial() {
  5777544:   70:        return this->material;
  5777544:   70-block  0
        -:   71:    }
        -:   72:
function _ZN9Raytracer15RaytracedObject11setMaterialENS_8MaterialE called 0 returned 0% blocks executed 0%
    #####:   73:    void RaytracedObject::setMaterial(Material material) {
    #####:   74:        this->material = material;
    #####:   75:    }
        -:   76:
        -:   77:
function _ZN9Raytracer6Sphere9intersectENS_3RayE called 4023000 returned 100% blocks executed 100%
  4023000:   78:    HitData Sphere::intersect(Ray ray) {
        -:   79:
  4023000:   80:        glm::vec3 rayToSphere = this->getPosition() - ray.origin;
  4023000:   80-block  0
call    0 returned 4023000
call    1 returned 4023000
  4023000:   81:        float a = glm::dot(rayToSphere, ray.direction);
call    0 returned 4023000
branch  1 taken 4023000 (fallthrough)
branch  2 taken 0 (throw)
        -:   82:
  4023000:   83:        glm::vec3 closestPoint = ray.origin + ray.direction * a;
  4023000:   83-block  0
call    0 returned 4023000
call    1 returned 4023000
  4023000:   84:        glm::vec3 closestPointToSphere = closestPoint - this->getPosition();
call    0 returned 4023000
call    1 returned 4023000
        -:   85:
  4023000:   86:        float b = glm::length(closestPointToSphere);
call    0 returned 4023000
branch  1 taken 4023000 (fallthrough)
branch  2 taken 0 (throw)
  4023000:   87:        b = b * b;
  4023000:   88:        float c = this->getScale().x;
  4023000:   88-block  0
call    0 returned 4023000
  4023000:   89:        c = c * c;
  4023000:   90:        float d = c - b;
        -:   91:
  4023000:   92:        if (a < d || d < 0){
branch  0 taken 3844145 (fallthrough)
branch  1 taken 178855
  3844145:   92-block  0
branch  2 taken 3772042 (fallthrough)
branch  3 taken 72103
  3950897:   93:            return {false, -1.0, glm::vec3(0.0, 0.0, 0.0), glm::vec3(0.0, 0.0, 0.0), this};
  3950897:   93-block  0
        -:   94:        }
        -:   95:
    72103:   96:        float t = a - sqrt(d);
    72103:   97:        glm::vec3 hitPoint = ray.origin + ray.direction * t;
    72103:   97-block  0
call    0 returned 72103
call    1 returned 72103
        -:   98:
    72103:   99:        return {true, t, this->getNormal(hitPoint), hitPoint, this};
call    0 returned 72103
branch  1 taken 72103 (fallthrough)
branch  2 taken 0 (throw)
    72103:   99-block  0
        -:  100:
        -:  101:    }
function _ZN9Raytracer6Sphere9getNormalEN3glm3vecILi3EfLNS1_9qualifierE0EEE called 72103 returned 100% blocks executed 88%
    72103:  102:    glm::vec3 Sphere::getNormal(glm::vec3 point) {
   144206:  103:        return glm::normalize(point - this->getPosition());
    72103:  103-block  0
call    0 returned 72103
call    1 returned 72103
call    2 returned 72103
branch  3 taken 72103 (fallthrough)
branch  4 taken 0 (throw)
    72103:  103-block  1
    72103:  103-block  2
    $$$$$:  103-block  3
        -:  104:    }
        -:  105:
function _ZN9Raytracer5Plane9intersectENS_3RayE called 4023000 returned 100% blocks executed 79%
  4023000:  106:    HitData Plane::intersect(Ray ray) {
  4023000:  107:        glm::vec3 planeNormal = this->getNormal(glm::vec3(0.0, 0.0, 0.0));
  4023000:  107-block  0
call    0 returned 4023000
call    1 returned 4023000
branch  2 taken 4023000 (fallthrough)
branch  3 taken 0 (throw)
    $$$$$:  107-block  1
  4023000:  108:        float a = glm::dot(-planeNormal, ray.origin - this->getPosition());
  4023000:  108-block  0
call    0 returned 4023000
call    1 returned 4023000
call    2 returned 4023000
call    3 returned 4023000
branch  4 taken 4023000 (fallthrough)
branch  5 taken 0 (throw)
    $$$$$:  108-block  1
    $$$$$:  108-block  2
    $$$$$:  108-block  3
  4023000:  109:        glm::vec3 relativePosition = this->getNormal(glm::vec3(0.0, 0.0, 0.0)) * a;
  4023000:  109-block  0
call    0 returned 4023000
call    1 returned 4023000
branch  2 taken 4023000 (fallthrough)
branch  3 taken 0 (throw)
  4023000:  109-block  1
call    4 returned 4023000
    $$$$$:  109-block  2
  4023000:  110:        a = glm::dot(relativePosition, ray.direction);
call    0 returned 4023000
branch  1 taken 4023000 (fallthrough)
branch  2 taken 0 (throw)
  4023000:  111:        if (a <= 0) {
  4023000:  111-block  0
branch  0 taken 2096477 (fallthrough)
branch  1 taken 1926523
  2096477:  112:            return {false, -1.0, glm::vec3(0.0, 0.0, 0.0), glm::vec3(0.0, 0.0, 0.0), this};
  2096477:  112-block  0
        -:  113:        }
  1926523:  114:        float t = 1 / a;
  1926523:  115:        glm::vec3 hitPoint = ray.origin + ray.direction * t;
  1926523:  115-block  0
call    0 returned 1926523
call    1 returned 1926523
  1926523:  116:        return {true, t, this->getNormal(hitPoint), hitPoint, this};
call    0 returned 1926523
branch  1 taken 1926523 (fallthrough)
branch  2 taken 0 (throw)
  1926523:  116-block  0
        -:  117:
        -:  118:    }
function _ZN9Raytracer5Plane9getNormalEN3glm3vecILi3EfLNS1_9qualifierE0EEE called 9972523 returned 100% blocks executed 77%
  9972523:  119:    glm::vec3 Plane::getNormal(glm::vec3 point) {
  9972523:  120:        glm::mat3 rotationMatrix = this->getOrientation();
  9972523:  120-block  0
call    0 returned 9972523
call    1 returned 9972523
branch  2 taken 9972523 (fallthrough)
branch  3 taken 0 (throw)
    $$$$$:  120-block  1
  9972523:  121:        glm::vec3 normal = rotationMatrix * glm::vec4(0.0, 1.0, 0.0, 0.0);
  9972523:  121-block  0
call    0 returned 9972523
call    1 returned 9972523
call    2 returned 9972523
branch  3 taken 9972523 (fallthrough)
branch  4 taken 0 (throw)
    $$$$$:  121-block  1
    $$$$$:  121-block  2
 19945046:  122:        return glm::normalize(normal);
  9972523:  122-block  0
call    0 returned 9972523
branch  1 taken 9972523 (fallthrough)
branch  2 taken 0 (throw)
  9972523:  122-block  1
        -:  123:    }
        -:  124:
        -:  125:}
        -:  126:
        -:  127:
